<?xml version="1.0" encoding="UTF-8"?>
<!-- Generated by org.testng.reporters.JUnitReportReporter -->
<testsuite hostname="Krishnas-MacBook-Pro.local" failures="0" tests="1" name="com.sky.selenium.NewTest" time="0.034" errors="0" timestamp="2020-10-27T17:21:34 PDT" skipped="0">
  <testcase classname="com.sky.selenium.NewTest" name="f" time="0.034"/>
  <system-out/>
</testsuite> <!-- com.sky.selenium.NewTest -->
